[12-Jul-2025 02:51:42 UTC] PHP Warning:  Undefined property: stdClass::$maintenance_is_enabled in C:\laragon\www\Socialproof\app\core\App.php on line 245
[12-Jul-2025 02:51:44 UTC] PHP Warning:  Undefined property: stdClass::$color in C:\laragon\www\Socialproof\themes\altum\views\partials\plans.php on line 71
[12-Jul-2025 02:51:44 UTC] PHP Warning:  Undefined property: stdClass::$translations in C:\laragon\www\Socialproof\themes\altum\views\partials\plans.php on line 73
[12-Jul-2025 02:51:44 UTC] PHP Warning:  Attempt to read property "english" on null in C:\laragon\www\Socialproof\themes\altum\views\partials\plans.php on line 73
[12-Jul-2025 02:51:44 UTC] PHP Warning:  Attempt to read property "name" on null in C:\laragon\www\Socialproof\themes\altum\views\partials\plans.php on line 73
[12-Jul-2025 02:51:44 UTC] PHP Warning:  Undefined property: stdClass::$translations in C:\laragon\www\Socialproof\themes\altum\views\partials\plans.php on line 84
[12-Jul-2025 02:51:44 UTC] PHP Warning:  Attempt to read property "english" on null in C:\laragon\www\Socialproof\themes\altum\views\partials\plans.php on line 84
[12-Jul-2025 02:51:44 UTC] PHP Warning:  Attempt to read property "price" on null in C:\laragon\www\Socialproof\themes\altum\views\partials\plans.php on line 84
[12-Jul-2025 02:51:44 UTC] PHP Warning:  Undefined property: stdClass::$price in C:\laragon\www\Socialproof\themes\altum\views\partials\plans.php on line 84
[12-Jul-2025 02:51:44 UTC] PHP Warning:  Undefined property: stdClass::$translations in C:\laragon\www\Socialproof\themes\altum\views\partials\plans.php on line 87
[12-Jul-2025 02:51:44 UTC] PHP Warning:  Attempt to read property "english" on null in C:\laragon\www\Socialproof\themes\altum\views\partials\plans.php on line 87
[12-Jul-2025 02:51:44 UTC] PHP Warning:  Attempt to read property "description" on null in C:\laragon\www\Socialproof\themes\altum\views\partials\plans.php on line 87
[12-Jul-2025 02:51:44 UTC] PHP Warning:  Undefined property: stdClass::$description in C:\laragon\www\Socialproof\themes\altum\views\partials\plans.php on line 87
[12-Jul-2025 02:51:45 UTC] PHP Warning:  Undefined property: stdClass::$x_is_enabled in C:\laragon\www\Socialproof\app\includes\notification_handlers.php on line 22
[12-Jul-2025 02:51:45 UTC] PHP Warning:  Undefined property: stdClass::$google_chat_is_enabled in C:\laragon\www\Socialproof\app\includes\notification_handlers.php on line 22
[12-Jul-2025 02:51:45 UTC] PHP Warning:  Undefined property: stdClass::$internal_notification_is_enabled in C:\laragon\www\Socialproof\app\includes\notification_handlers.php on line 22
[12-Jul-2025 02:51:45 UTC] PHP Warning:  Undefined property: stdClass::$notification_handlers_email_limit in C:\laragon\www\Socialproof\themes\altum\views\partials\plans_plan_content.php on line 54
[12-Jul-2025 02:51:45 UTC] PHP Warning:  Undefined property: stdClass::$notification_handlers_email_limit in C:\laragon\www\Socialproof\themes\altum\views\partials\plans_plan_content.php on line 55
[12-Jul-2025 02:51:45 UTC] PHP Warning:  Undefined property: stdClass::$notification_handlers_email_limit in C:\laragon\www\Socialproof\themes\altum\views\partials\plans_plan_content.php on line 55
[12-Jul-2025 02:51:45 UTC] PHP Warning:  Undefined property: stdClass::$notification_handlers_webhook_limit in C:\laragon\www\Socialproof\themes\altum\views\partials\plans_plan_content.php on line 54
[12-Jul-2025 02:51:45 UTC] PHP Warning:  Undefined property: stdClass::$notification_handlers_webhook_limit in C:\laragon\www\Socialproof\themes\altum\views\partials\plans_plan_content.php on line 55
[12-Jul-2025 02:51:45 UTC] PHP Warning:  Undefined property: stdClass::$notification_handlers_webhook_limit in C:\laragon\www\Socialproof\themes\altum\views\partials\plans_plan_content.php on line 55
[12-Jul-2025 02:51:45 UTC] PHP Warning:  Undefined property: stdClass::$notification_handlers_slack_limit in C:\laragon\www\Socialproof\themes\altum\views\partials\plans_plan_content.php on line 54
[12-Jul-2025 02:51:45 UTC] PHP Warning:  Undefined property: stdClass::$notification_handlers_slack_limit in C:\laragon\www\Socialproof\themes\altum\views\partials\plans_plan_content.php on line 55
[12-Jul-2025 02:51:45 UTC] PHP Warning:  Undefined property: stdClass::$notification_handlers_slack_limit in C:\laragon\www\Socialproof\themes\altum\views\partials\plans_plan_content.php on line 55
[12-Jul-2025 02:51:45 UTC] PHP Warning:  Undefined property: stdClass::$notification_handlers_discord_limit in C:\laragon\www\Socialproof\themes\altum\views\partials\plans_plan_content.php on line 54
[12-Jul-2025 02:51:45 UTC] PHP Warning:  Undefined property: stdClass::$notification_handlers_discord_limit in C:\laragon\www\Socialproof\themes\altum\views\partials\plans_plan_content.php on line 55
[12-Jul-2025 02:51:45 UTC] PHP Warning:  Undefined property: stdClass::$notification_handlers_discord_limit in C:\laragon\www\Socialproof\themes\altum\views\partials\plans_plan_content.php on line 55
[12-Jul-2025 02:51:45 UTC] PHP Warning:  Undefined property: stdClass::$notification_handlers_telegram_limit in C:\laragon\www\Socialproof\themes\altum\views\partials\plans_plan_content.php on line 54
[12-Jul-2025 02:51:45 UTC] PHP Warning:  Undefined property: stdClass::$notification_handlers_telegram_limit in C:\laragon\www\Socialproof\themes\altum\views\partials\plans_plan_content.php on line 55
[12-Jul-2025 02:51:45 UTC] PHP Warning:  Undefined property: stdClass::$notification_handlers_telegram_limit in C:\laragon\www\Socialproof\themes\altum\views\partials\plans_plan_content.php on line 55
[12-Jul-2025 02:51:45 UTC] PHP Warning:  Undefined property: stdClass::$notification_handlers_microsoft_teams_limit in C:\laragon\www\Socialproof\themes\altum\views\partials\plans_plan_content.php on line 54
[12-Jul-2025 02:51:45 UTC] PHP Warning:  Undefined property: stdClass::$notification_handlers_microsoft_teams_limit in C:\laragon\www\Socialproof\themes\altum\views\partials\plans_plan_content.php on line 55
[12-Jul-2025 02:51:45 UTC] PHP Warning:  Undefined property: stdClass::$notification_handlers_microsoft_teams_limit in C:\laragon\www\Socialproof\themes\altum\views\partials\plans_plan_content.php on line 55
[12-Jul-2025 02:51:45 UTC] PHP Warning:  Undefined property: stdClass::$track_notifications_retention in C:\laragon\www\Socialproof\themes\altum\views\partials\plans_plan_content.php on line 70
[12-Jul-2025 02:51:45 UTC] PHP Warning:  Undefined property: stdClass::$track_notifications_retention in C:\laragon\www\Socialproof\themes\altum\views\partials\plans_plan_content.php on line 70
[12-Jul-2025 02:51:45 UTC] PHP Warning:  Undefined property: stdClass::$track_notifications_retention in C:\laragon\www\Socialproof\themes\altum\views\partials\plans_plan_content.php on line 71
[12-Jul-2025 02:51:45 UTC] PHP Warning:  Undefined property: stdClass::$track_notifications_retention in C:\laragon\www\Socialproof\themes\altum\views\partials\plans_plan_content.php on line 71
[12-Jul-2025 02:51:45 UTC] PHP Warning:  Undefined property: stdClass::$track_notifications_retention in C:\laragon\www\Socialproof\themes\altum\views\partials\plans_plan_content.php on line 74
[12-Jul-2025 02:51:45 UTC] PHP Warning:  Undefined property: stdClass::$track_conversions_retention in C:\laragon\www\Socialproof\themes\altum\views\partials\plans_plan_content.php on line 78
[12-Jul-2025 02:51:45 UTC] PHP Warning:  Undefined property: stdClass::$track_conversions_retention in C:\laragon\www\Socialproof\themes\altum\views\partials\plans_plan_content.php on line 78
[12-Jul-2025 02:51:45 UTC] PHP Warning:  Undefined property: stdClass::$track_conversions_retention in C:\laragon\www\Socialproof\themes\altum\views\partials\plans_plan_content.php on line 79
[12-Jul-2025 02:51:45 UTC] PHP Warning:  Undefined property: stdClass::$track_conversions_retention in C:\laragon\www\Socialproof\themes\altum\views\partials\plans_plan_content.php on line 79
[12-Jul-2025 02:51:45 UTC] PHP Warning:  Undefined property: stdClass::$track_conversions_retention in C:\laragon\www\Socialproof\themes\altum\views\partials\plans_plan_content.php on line 82
[12-Jul-2025 02:51:45 UTC] PHP Warning:  Undefined property: stdClass::$email_reports_is_enabled in C:\laragon\www\Socialproof\themes\altum\views\partials\plans_plan_content.php on line 110
[12-Jul-2025 02:51:45 UTC] PHP Warning:  Undefined property: stdClass::$white_labeling_is_enabled in C:\laragon\www\Socialproof\app\includes\simple_user_plan_settings.php on line 33
[12-Jul-2025 02:51:45 UTC] PHP Warning:  Undefined property: stdClass::$custom_css_is_enabled in C:\laragon\www\Socialproof\themes\altum\views\partials\plans_plan_content.php on line 118
[12-Jul-2025 02:51:45 UTC] PHP Warning:  Undefined property: stdClass::$color in C:\laragon\www\Socialproof\themes\altum\views\partials\plans.php on line 94
[12-Jul-2025 02:51:45 UTC] PHP Warning:  Undefined property: stdClass::$translations in C:\laragon\www\Socialproof\themes\altum\views\partials\plans.php on line 266
[12-Jul-2025 02:51:45 UTC] PHP Warning:  Attempt to read property "english" on null in C:\laragon\www\Socialproof\themes\altum\views\partials\plans.php on line 266
[12-Jul-2025 02:51:45 UTC] PHP Warning:  Attempt to read property "name" on null in C:\laragon\www\Socialproof\themes\altum\views\partials\plans.php on line 266
[12-Jul-2025 02:51:51 UTC] PHP Warning:  Undefined property: stdClass::$x_is_enabled in C:\laragon\www\Socialproof\app\includes\notification_handlers.php on line 22
[12-Jul-2025 02:51:51 UTC] PHP Warning:  Undefined property: stdClass::$google_chat_is_enabled in C:\laragon\www\Socialproof\app\includes\notification_handlers.php on line 22
[12-Jul-2025 02:51:51 UTC] PHP Warning:  Undefined property: stdClass::$internal_notification_is_enabled in C:\laragon\www\Socialproof\app\includes\notification_handlers.php on line 22
[12-Jul-2025 02:51:54 UTC] PHP Warning:  Undefined property: stdClass::$user_spotlight_is_enabled in C:\laragon\www\Socialproof\themes\altum\views\partials\footer.php on line 108
[12-Jul-2025 02:52:00 UTC] PHP Warning:  Undefined property: stdClass::$admin_spotlight_is_enabled in C:\laragon\www\Socialproof\themes\altum\views\wrapper.php on line 80
[12-Jul-2025 02:52:00 UTC] PHP Warning:  Undefined property: stdClass::$user_spotlight_is_enabled in C:\laragon\www\Socialproof\themes\altum\views\wrapper.php on line 80
