[11-Jul-2025 06:14:40 UTC] PHP Fatal error:  Uncaught Error: Failed opening required 'C:\laragon\www\Socialproof/vendor/autoload.php' (include_path='.;C:/laragon/etc/php/pear') in C:\laragon\www\Socialproof\app\init.php:105
Stack trace:
#0 C:\laragon\www\Socialproof\index.php(20): require_once()
#1 {main}
  thrown in C:\laragon\www\Socialproof\app\init.php on line 105
[11-Jul-2025 06:15:27 UTC] PHP Fatal error:  Uncaught Error: Failed opening required 'C:\laragon\www\Socialproof/vendor/autoload.php' (include_path='.;C:/laragon/etc/php/pear') in C:\laragon\www\Socialproof\app\init.php:105
Stack trace:
#0 C:\laragon\www\Socialproof\index.php(20): require_once()
#1 {main}
  thrown in C:\laragon\www\Socialproof\app\init.php on line 105
[11-Jul-2025 06:15:36 UTC] PHP Fatal error:  Uncaught Error: Failed opening required 'C:\laragon\www\Socialproof/vendor/autoload.php' (include_path='.;C:/laragon/etc/php/pear') in C:\laragon\www\Socialproof\app\init.php:105
Stack trace:
#0 C:\laragon\www\Socialproof\index.php(20): require_once()
#1 {main}
  thrown in C:\laragon\www\Socialproof\app\init.php on line 105
[11-Jul-2025 06:15:36 UTC] PHP Fatal error:  Uncaught Error: Failed opening required 'C:\laragon\www\Socialproof/vendor/autoload.php' (include_path='.;C:/laragon/etc/php/pear') in C:\laragon\www\Socialproof\app\init.php:105
Stack trace:
#0 C:\laragon\www\Socialproof\index.php(20): require_once()
#1 {main}
  thrown in C:\laragon\www\Socialproof\app\init.php on line 105
[11-Jul-2025 09:14:05 UTC] PHP Fatal error:  Uncaught Error: Failed opening required 'C:\laragon\www\Socialproof/vendor/autoload.php' (include_path='.;C:/laragon/etc/php/pear') in C:\laragon\www\Socialproof\app\init.php:105
Stack trace:
#0 C:\laragon\www\Socialproof\index.php(20): require_once()
#1 {main}
  thrown in C:\laragon\www\Socialproof\app\init.php on line 105
[11-Jul-2025 09:22:36 UTC] PHP Fatal error:  Uncaught Error: Failed opening required 'C:\laragon\www\Socialproof/vendor/autoload.php' (include_path='.;C:/laragon/etc/php/pear') in C:\laragon\www\Socialproof\app\init.php:105
Stack trace:
#0 C:\laragon\www\Socialproof\index.php(20): require_once()
#1 {main}
  thrown in C:\laragon\www\Socialproof\app\init.php on line 105
[11-Jul-2025 09:22:37 UTC] PHP Fatal error:  Uncaught Error: Failed opening required 'C:\laragon\www\Socialproof/vendor/autoload.php' (include_path='.;C:/laragon/etc/php/pear') in C:\laragon\www\Socialproof\app\init.php:105
Stack trace:
#0 C:\laragon\www\Socialproof\index.php(20): require_once()
#1 {main}
  thrown in C:\laragon\www\Socialproof\app\init.php on line 105
[11-Jul-2025 09:22:55 UTC] PHP Fatal error:  Uncaught Error: Failed opening required 'C:\laragon\www\Socialproof/vendor/autoload.php' (include_path='.;C:/laragon/etc/php/pear') in C:\laragon\www\Socialproof\app\init.php:105
Stack trace:
#0 C:\laragon\www\Socialproof\index.php(20): require_once()
#1 {main}
  thrown in C:\laragon\www\Socialproof\app\init.php on line 105
[11-Jul-2025 09:22:55 UTC] PHP Fatal error:  Uncaught Error: Failed opening required 'C:\laragon\www\Socialproof/vendor/autoload.php' (include_path='.;C:/laragon/etc/php/pear') in C:\laragon\www\Socialproof\app\init.php:105
Stack trace:
#0 C:\laragon\www\Socialproof\index.php(20): require_once()
#1 {main}
  thrown in C:\laragon\www\Socialproof\app\init.php on line 105
[11-Jul-2025 09:23:22 UTC] PHP Fatal error:  Uncaught Error: Failed opening required 'C:\laragon\www\Socialproof/vendor/autoload.php' (include_path='.;C:/laragon/etc/php/pear') in C:\laragon\www\Socialproof\app\init.php:105
Stack trace:
#0 C:\laragon\www\Socialproof\index.php(20): require_once()
#1 {main}
  thrown in C:\laragon\www\Socialproof\app\init.php on line 105
[11-Jul-2025 09:23:22 UTC] PHP Fatal error:  Uncaught Error: Failed opening required 'C:\laragon\www\Socialproof/vendor/autoload.php' (include_path='.;C:/laragon/etc/php/pear') in C:\laragon\www\Socialproof\app\init.php:105
Stack trace:
#0 C:\laragon\www\Socialproof\index.php(20): require_once()
#1 {main}
  thrown in C:\laragon\www\Socialproof\app\init.php on line 105
[11-Jul-2025 09:24:37 UTC] PHP Fatal error:  Uncaught Error: Failed opening required 'C:\laragon\www\Socialproof/vendor/autoload.php' (include_path='.;C:/laragon/etc/php/pear') in C:\laragon\www\Socialproof\app\init.php:105
Stack trace:
#0 C:\laragon\www\Socialproof\index.php(20): require_once()
#1 {main}
  thrown in C:\laragon\www\Socialproof\app\init.php on line 105
[11-Jul-2025 09:24:37 UTC] PHP Fatal error:  Uncaught Error: Failed opening required 'C:\laragon\www\Socialproof/vendor/autoload.php' (include_path='.;C:/laragon/etc/php/pear') in C:\laragon\www\Socialproof\app\init.php:105
Stack trace:
#0 C:\laragon\www\Socialproof\index.php(20): require_once()
#1 {main}
  thrown in C:\laragon\www\Socialproof\app\init.php on line 105
[11-Jul-2025 09:48:35 UTC] PHP Warning:  require_once(C:\laragon\www\Socialproof/vendor/autoload.php): Failed to open stream: No such file or directory in C:\laragon\www\Socialproof\app\init.php on line 105
[11-Jul-2025 09:48:35 UTC] PHP Fatal error:  Uncaught Error: Failed opening required 'C:\laragon\www\Socialproof/vendor/autoload.php' (include_path='.;C:/laragon/etc/php/pear') in C:\laragon\www\Socialproof\app\init.php:105
Stack trace:
#0 C:\laragon\www\Socialproof\index.php(20): require_once()
#1 {main}
  thrown in C:\laragon\www\Socialproof\app\init.php on line 105
[11-Jul-2025 09:48:36 UTC] PHP Warning:  require_once(C:\laragon\www\Socialproof/vendor/autoload.php): Failed to open stream: No such file or directory in C:\laragon\www\Socialproof\app\init.php on line 105
[11-Jul-2025 09:48:36 UTC] PHP Fatal error:  Uncaught Error: Failed opening required 'C:\laragon\www\Socialproof/vendor/autoload.php' (include_path='.;C:/laragon/etc/php/pear') in C:\laragon\www\Socialproof\app\init.php:105
Stack trace:
#0 C:\laragon\www\Socialproof\index.php(20): require_once()
#1 {main}
  thrown in C:\laragon\www\Socialproof\app\init.php on line 105
[11-Jul-2025 10:33:25 UTC] PHP Warning:  Undefined property: stdClass::$maintenance_is_enabled in C:\laragon\www\Socialproof\app\core\App.php on line 245
[11-Jul-2025 10:33:46 UTC] PHP Fatal error:  Uncaught Error: Call to a member function fetch_object() on false in C:\laragon\www\Socialproof\app\controllers\Index.php:37
Stack trace:
#0 [internal function]: Altum\Controllers\Index->index()
#1 C:\laragon\www\Socialproof\app\core\App.php(293): call_user_func_array(Array, Array)
#2 C:\laragon\www\Socialproof\index.php(22): Altum\App->__construct()
#3 {main}
  thrown in C:\laragon\www\Socialproof\app\controllers\Index.php on line 37
[11-Jul-2025 10:33:50 UTC] PHP Warning:  Undefined property: stdClass::$maintenance_is_enabled in C:\laragon\www\Socialproof\app\core\App.php on line 245
[11-Jul-2025 10:34:00 UTC] PHP Warning:  Undefined property: stdClass::$user_spotlight_is_enabled in C:\laragon\www\Socialproof\themes\altum\views\partials\footer.php on line 108
[11-Jul-2025 10:34:00 UTC] PHP Warning:  Undefined property: stdClass::$maintenance_is_enabled in C:\laragon\www\Socialproof\app\core\App.php on line 245
[11-Jul-2025 10:34:01 UTC] PHP Fatal error:  Uncaught Error: Call to a member function fetch_object() on false in C:\laragon\www\Socialproof\app\controllers\Index.php:37
Stack trace:
#0 [internal function]: Altum\Controllers\Index->index()
#1 C:\laragon\www\Socialproof\app\core\App.php(293): call_user_func_array(Array, Array)
#2 C:\laragon\www\Socialproof\index.php(22): Altum\App->__construct()
#3 {main}
  thrown in C:\laragon\www\Socialproof\app\controllers\Index.php on line 37
[11-Jul-2025 10:34:02 UTC] PHP Warning:  Undefined property: stdClass::$maintenance_is_enabled in C:\laragon\www\Socialproof\app\core\App.php on line 245
[11-Jul-2025 10:34:02 UTC] PHP Warning:  Undefined property: stdClass::$user_spotlight_is_enabled in C:\laragon\www\Socialproof\themes\altum\views\partials\footer.php on line 108
[11-Jul-2025 10:34:04 UTC] PHP Warning:  Undefined property: stdClass::$admin_spotlight_is_enabled in C:\laragon\www\Socialproof\themes\altum\views\wrapper.php on line 80
[11-Jul-2025 10:34:04 UTC] PHP Warning:  Undefined property: stdClass::$admin_spotlight_is_enabled in C:\laragon\www\Socialproof\themes\altum\views\wrapper.php on line 80
[11-Jul-2025 10:34:04 UTC] PHP Warning:  Undefined property: stdClass::$user_spotlight_is_enabled in C:\laragon\www\Socialproof\themes\altum\views\wrapper.php on line 80
[11-Jul-2025 10:34:04 UTC] PHP Warning:  Undefined property: stdClass::$user_spotlight_is_enabled in C:\laragon\www\Socialproof\themes\altum\views\wrapper.php on line 80
[11-Jul-2025 10:48:25 UTC] PHP Warning:  Undefined property: stdClass::$maintenance_is_enabled in C:\laragon\www\Socialproof\app\core\App.php on line 245
[11-Jul-2025 10:49:14 UTC] PHP Warning:  Undefined property: stdClass::$color in C:\laragon\www\Socialproof\themes\altum\views\partials\plans.php on line 71
[11-Jul-2025 10:49:14 UTC] PHP Warning:  Undefined property: stdClass::$translations in C:\laragon\www\Socialproof\themes\altum\views\partials\plans.php on line 73
[11-Jul-2025 10:49:14 UTC] PHP Warning:  Attempt to read property "english" on null in C:\laragon\www\Socialproof\themes\altum\views\partials\plans.php on line 73
[11-Jul-2025 10:49:14 UTC] PHP Warning:  Attempt to read property "name" on null in C:\laragon\www\Socialproof\themes\altum\views\partials\plans.php on line 73
[11-Jul-2025 10:49:14 UTC] PHP Warning:  Undefined property: stdClass::$translations in C:\laragon\www\Socialproof\themes\altum\views\partials\plans.php on line 84
[11-Jul-2025 10:49:14 UTC] PHP Warning:  Attempt to read property "english" on null in C:\laragon\www\Socialproof\themes\altum\views\partials\plans.php on line 84
[11-Jul-2025 10:49:14 UTC] PHP Warning:  Attempt to read property "price" on null in C:\laragon\www\Socialproof\themes\altum\views\partials\plans.php on line 84
[11-Jul-2025 10:49:14 UTC] PHP Warning:  Undefined property: stdClass::$price in C:\laragon\www\Socialproof\themes\altum\views\partials\plans.php on line 84
[11-Jul-2025 10:49:14 UTC] PHP Warning:  Undefined property: stdClass::$translations in C:\laragon\www\Socialproof\themes\altum\views\partials\plans.php on line 87
[11-Jul-2025 10:49:14 UTC] PHP Warning:  Attempt to read property "english" on null in C:\laragon\www\Socialproof\themes\altum\views\partials\plans.php on line 87
[11-Jul-2025 10:49:14 UTC] PHP Warning:  Attempt to read property "description" on null in C:\laragon\www\Socialproof\themes\altum\views\partials\plans.php on line 87
[11-Jul-2025 10:49:14 UTC] PHP Warning:  Undefined property: stdClass::$description in C:\laragon\www\Socialproof\themes\altum\views\partials\plans.php on line 87
[11-Jul-2025 10:49:18 UTC] PHP Warning:  Undefined property: stdClass::$x_is_enabled in C:\laragon\www\Socialproof\app\includes\notification_handlers.php on line 22
[11-Jul-2025 10:49:18 UTC] PHP Warning:  Undefined property: stdClass::$google_chat_is_enabled in C:\laragon\www\Socialproof\app\includes\notification_handlers.php on line 22
[11-Jul-2025 10:49:18 UTC] PHP Warning:  Undefined property: stdClass::$internal_notification_is_enabled in C:\laragon\www\Socialproof\app\includes\notification_handlers.php on line 22
[11-Jul-2025 10:49:18 UTC] PHP Warning:  Undefined property: stdClass::$notification_handlers_email_limit in C:\laragon\www\Socialproof\themes\altum\views\partials\plans_plan_content.php on line 54
[11-Jul-2025 10:49:18 UTC] PHP Warning:  Undefined property: stdClass::$notification_handlers_email_limit in C:\laragon\www\Socialproof\themes\altum\views\partials\plans_plan_content.php on line 55
[11-Jul-2025 10:49:18 UTC] PHP Warning:  Undefined property: stdClass::$notification_handlers_email_limit in C:\laragon\www\Socialproof\themes\altum\views\partials\plans_plan_content.php on line 55
[11-Jul-2025 10:49:18 UTC] PHP Warning:  Undefined property: stdClass::$notification_handlers_webhook_limit in C:\laragon\www\Socialproof\themes\altum\views\partials\plans_plan_content.php on line 54
[11-Jul-2025 10:49:18 UTC] PHP Warning:  Undefined property: stdClass::$notification_handlers_webhook_limit in C:\laragon\www\Socialproof\themes\altum\views\partials\plans_plan_content.php on line 55
[11-Jul-2025 10:49:18 UTC] PHP Warning:  Undefined property: stdClass::$notification_handlers_webhook_limit in C:\laragon\www\Socialproof\themes\altum\views\partials\plans_plan_content.php on line 55
[11-Jul-2025 10:49:18 UTC] PHP Warning:  Undefined property: stdClass::$notification_handlers_slack_limit in C:\laragon\www\Socialproof\themes\altum\views\partials\plans_plan_content.php on line 54
[11-Jul-2025 10:49:18 UTC] PHP Warning:  Undefined property: stdClass::$notification_handlers_slack_limit in C:\laragon\www\Socialproof\themes\altum\views\partials\plans_plan_content.php on line 55
[11-Jul-2025 10:49:18 UTC] PHP Warning:  Undefined property: stdClass::$notification_handlers_slack_limit in C:\laragon\www\Socialproof\themes\altum\views\partials\plans_plan_content.php on line 55
[11-Jul-2025 10:49:18 UTC] PHP Warning:  Undefined property: stdClass::$notification_handlers_discord_limit in C:\laragon\www\Socialproof\themes\altum\views\partials\plans_plan_content.php on line 54
[11-Jul-2025 10:49:18 UTC] PHP Warning:  Undefined property: stdClass::$notification_handlers_discord_limit in C:\laragon\www\Socialproof\themes\altum\views\partials\plans_plan_content.php on line 55
[11-Jul-2025 10:49:18 UTC] PHP Warning:  Undefined property: stdClass::$notification_handlers_discord_limit in C:\laragon\www\Socialproof\themes\altum\views\partials\plans_plan_content.php on line 55
[11-Jul-2025 10:49:18 UTC] PHP Warning:  Undefined property: stdClass::$notification_handlers_telegram_limit in C:\laragon\www\Socialproof\themes\altum\views\partials\plans_plan_content.php on line 54
[11-Jul-2025 10:49:18 UTC] PHP Warning:  Undefined property: stdClass::$notification_handlers_telegram_limit in C:\laragon\www\Socialproof\themes\altum\views\partials\plans_plan_content.php on line 55
[11-Jul-2025 10:49:18 UTC] PHP Warning:  Undefined property: stdClass::$notification_handlers_telegram_limit in C:\laragon\www\Socialproof\themes\altum\views\partials\plans_plan_content.php on line 55
[11-Jul-2025 10:49:18 UTC] PHP Warning:  Undefined property: stdClass::$notification_handlers_microsoft_teams_limit in C:\laragon\www\Socialproof\themes\altum\views\partials\plans_plan_content.php on line 54
[11-Jul-2025 10:49:18 UTC] PHP Warning:  Undefined property: stdClass::$notification_handlers_microsoft_teams_limit in C:\laragon\www\Socialproof\themes\altum\views\partials\plans_plan_content.php on line 55
[11-Jul-2025 10:49:18 UTC] PHP Warning:  Undefined property: stdClass::$notification_handlers_microsoft_teams_limit in C:\laragon\www\Socialproof\themes\altum\views\partials\plans_plan_content.php on line 55
[11-Jul-2025 10:49:18 UTC] PHP Warning:  Undefined property: stdClass::$track_notifications_retention in C:\laragon\www\Socialproof\themes\altum\views\partials\plans_plan_content.php on line 70
[11-Jul-2025 10:49:18 UTC] PHP Warning:  Undefined property: stdClass::$track_notifications_retention in C:\laragon\www\Socialproof\themes\altum\views\partials\plans_plan_content.php on line 70
[11-Jul-2025 10:49:18 UTC] PHP Warning:  Undefined property: stdClass::$track_notifications_retention in C:\laragon\www\Socialproof\themes\altum\views\partials\plans_plan_content.php on line 71
[11-Jul-2025 10:49:18 UTC] PHP Warning:  Undefined property: stdClass::$track_notifications_retention in C:\laragon\www\Socialproof\themes\altum\views\partials\plans_plan_content.php on line 71
[11-Jul-2025 10:49:18 UTC] PHP Warning:  Undefined property: stdClass::$track_notifications_retention in C:\laragon\www\Socialproof\themes\altum\views\partials\plans_plan_content.php on line 74
[11-Jul-2025 10:49:18 UTC] PHP Warning:  Undefined property: stdClass::$track_conversions_retention in C:\laragon\www\Socialproof\themes\altum\views\partials\plans_plan_content.php on line 78
[11-Jul-2025 10:49:18 UTC] PHP Warning:  Undefined property: stdClass::$track_conversions_retention in C:\laragon\www\Socialproof\themes\altum\views\partials\plans_plan_content.php on line 78
[11-Jul-2025 10:49:18 UTC] PHP Warning:  Undefined property: stdClass::$track_conversions_retention in C:\laragon\www\Socialproof\themes\altum\views\partials\plans_plan_content.php on line 79
[11-Jul-2025 10:49:18 UTC] PHP Warning:  Undefined property: stdClass::$track_conversions_retention in C:\laragon\www\Socialproof\themes\altum\views\partials\plans_plan_content.php on line 79
[11-Jul-2025 10:49:18 UTC] PHP Warning:  Undefined property: stdClass::$track_conversions_retention in C:\laragon\www\Socialproof\themes\altum\views\partials\plans_plan_content.php on line 82
[11-Jul-2025 10:49:20 UTC] PHP Warning:  Undefined property: stdClass::$email_reports_is_enabled in C:\laragon\www\Socialproof\themes\altum\views\partials\plans_plan_content.php on line 110
[11-Jul-2025 10:49:20 UTC] PHP Warning:  Undefined property: stdClass::$white_labeling_is_enabled in C:\laragon\www\Socialproof\app\includes\simple_user_plan_settings.php on line 33
[11-Jul-2025 10:49:20 UTC] PHP Warning:  Undefined property: stdClass::$custom_css_is_enabled in C:\laragon\www\Socialproof\themes\altum\views\partials\plans_plan_content.php on line 118
[11-Jul-2025 10:49:20 UTC] PHP Warning:  Undefined property: stdClass::$color in C:\laragon\www\Socialproof\themes\altum\views\partials\plans.php on line 94
[11-Jul-2025 10:49:20 UTC] PHP Warning:  Undefined property: stdClass::$translations in C:\laragon\www\Socialproof\themes\altum\views\partials\plans.php on line 266
[11-Jul-2025 10:49:20 UTC] PHP Warning:  Attempt to read property "english" on null in C:\laragon\www\Socialproof\themes\altum\views\partials\plans.php on line 266
[11-Jul-2025 10:49:20 UTC] PHP Warning:  Attempt to read property "name" on null in C:\laragon\www\Socialproof\themes\altum\views\partials\plans.php on line 266
[11-Jul-2025 10:49:38 UTC] PHP Warning:  Undefined property: stdClass::$x_is_enabled in C:\laragon\www\Socialproof\app\includes\notification_handlers.php on line 22
[11-Jul-2025 10:49:38 UTC] PHP Warning:  Undefined property: stdClass::$google_chat_is_enabled in C:\laragon\www\Socialproof\app\includes\notification_handlers.php on line 22
[11-Jul-2025 10:49:38 UTC] PHP Warning:  Undefined property: stdClass::$internal_notification_is_enabled in C:\laragon\www\Socialproof\app\includes\notification_handlers.php on line 22
[11-Jul-2025 10:49:39 UTC] PHP Warning:  Undefined property: stdClass::$user_spotlight_is_enabled in C:\laragon\www\Socialproof\themes\altum\views\partials\footer.php on line 108
[11-Jul-2025 10:49:39 UTC] PHP Warning:  Undefined property: stdClass::$admin_spotlight_is_enabled in C:\laragon\www\Socialproof\themes\altum\views\wrapper.php on line 80
[11-Jul-2025 10:49:39 UTC] PHP Warning:  Undefined property: stdClass::$user_spotlight_is_enabled in C:\laragon\www\Socialproof\themes\altum\views\wrapper.php on line 80
[11-Jul-2025 10:58:59 UTC] PHP Warning:  Undefined property: stdClass::$maintenance_is_enabled in C:\laragon\www\Socialproof\app\core\App.php on line 245
[11-Jul-2025 10:59:08 UTC] PHP Warning:  Undefined property: stdClass::$color in C:\laragon\www\Socialproof\themes\altum\views\partials\plans.php on line 71
[11-Jul-2025 10:59:08 UTC] PHP Warning:  Undefined property: stdClass::$translations in C:\laragon\www\Socialproof\themes\altum\views\partials\plans.php on line 73
[11-Jul-2025 10:59:08 UTC] PHP Warning:  Attempt to read property "english" on null in C:\laragon\www\Socialproof\themes\altum\views\partials\plans.php on line 73
[11-Jul-2025 10:59:08 UTC] PHP Warning:  Attempt to read property "name" on null in C:\laragon\www\Socialproof\themes\altum\views\partials\plans.php on line 73
[11-Jul-2025 10:59:08 UTC] PHP Warning:  Undefined property: stdClass::$translations in C:\laragon\www\Socialproof\themes\altum\views\partials\plans.php on line 84
[11-Jul-2025 10:59:08 UTC] PHP Warning:  Attempt to read property "english" on null in C:\laragon\www\Socialproof\themes\altum\views\partials\plans.php on line 84
[11-Jul-2025 10:59:08 UTC] PHP Warning:  Attempt to read property "price" on null in C:\laragon\www\Socialproof\themes\altum\views\partials\plans.php on line 84
[11-Jul-2025 10:59:08 UTC] PHP Warning:  Undefined property: stdClass::$price in C:\laragon\www\Socialproof\themes\altum\views\partials\plans.php on line 84
[11-Jul-2025 10:59:17 UTC] PHP Warning:  Undefined property: stdClass::$translations in C:\laragon\www\Socialproof\themes\altum\views\partials\plans.php on line 87
[11-Jul-2025 10:59:17 UTC] PHP Warning:  Attempt to read property "english" on null in C:\laragon\www\Socialproof\themes\altum\views\partials\plans.php on line 87
[11-Jul-2025 10:59:17 UTC] PHP Warning:  Attempt to read property "description" on null in C:\laragon\www\Socialproof\themes\altum\views\partials\plans.php on line 87
[11-Jul-2025 10:59:17 UTC] PHP Warning:  Undefined property: stdClass::$description in C:\laragon\www\Socialproof\themes\altum\views\partials\plans.php on line 87
[11-Jul-2025 10:59:22 UTC] PHP Warning:  Undefined property: stdClass::$x_is_enabled in C:\laragon\www\Socialproof\app\includes\notification_handlers.php on line 22
[11-Jul-2025 10:59:22 UTC] PHP Warning:  Undefined property: stdClass::$google_chat_is_enabled in C:\laragon\www\Socialproof\app\includes\notification_handlers.php on line 22
[11-Jul-2025 10:59:22 UTC] PHP Warning:  Undefined property: stdClass::$internal_notification_is_enabled in C:\laragon\www\Socialproof\app\includes\notification_handlers.php on line 22
[11-Jul-2025 10:59:22 UTC] PHP Warning:  Undefined property: stdClass::$notification_handlers_email_limit in C:\laragon\www\Socialproof\themes\altum\views\partials\plans_plan_content.php on line 54
[11-Jul-2025 10:59:22 UTC] PHP Warning:  Undefined property: stdClass::$notification_handlers_email_limit in C:\laragon\www\Socialproof\themes\altum\views\partials\plans_plan_content.php on line 55
[11-Jul-2025 10:59:22 UTC] PHP Warning:  Undefined property: stdClass::$notification_handlers_email_limit in C:\laragon\www\Socialproof\themes\altum\views\partials\plans_plan_content.php on line 55
[11-Jul-2025 10:59:22 UTC] PHP Warning:  Undefined property: stdClass::$notification_handlers_webhook_limit in C:\laragon\www\Socialproof\themes\altum\views\partials\plans_plan_content.php on line 54
[11-Jul-2025 10:59:22 UTC] PHP Warning:  Undefined property: stdClass::$notification_handlers_webhook_limit in C:\laragon\www\Socialproof\themes\altum\views\partials\plans_plan_content.php on line 55
[11-Jul-2025 10:59:22 UTC] PHP Warning:  Undefined property: stdClass::$notification_handlers_webhook_limit in C:\laragon\www\Socialproof\themes\altum\views\partials\plans_plan_content.php on line 55
[11-Jul-2025 10:59:22 UTC] PHP Warning:  Undefined property: stdClass::$notification_handlers_slack_limit in C:\laragon\www\Socialproof\themes\altum\views\partials\plans_plan_content.php on line 54
[11-Jul-2025 10:59:22 UTC] PHP Warning:  Undefined property: stdClass::$notification_handlers_slack_limit in C:\laragon\www\Socialproof\themes\altum\views\partials\plans_plan_content.php on line 55
[11-Jul-2025 10:59:22 UTC] PHP Warning:  Undefined property: stdClass::$notification_handlers_slack_limit in C:\laragon\www\Socialproof\themes\altum\views\partials\plans_plan_content.php on line 55
[11-Jul-2025 10:59:22 UTC] PHP Warning:  Undefined property: stdClass::$notification_handlers_discord_limit in C:\laragon\www\Socialproof\themes\altum\views\partials\plans_plan_content.php on line 54
[11-Jul-2025 10:59:22 UTC] PHP Warning:  Undefined property: stdClass::$notification_handlers_discord_limit in C:\laragon\www\Socialproof\themes\altum\views\partials\plans_plan_content.php on line 55
[11-Jul-2025 10:59:22 UTC] PHP Warning:  Undefined property: stdClass::$notification_handlers_discord_limit in C:\laragon\www\Socialproof\themes\altum\views\partials\plans_plan_content.php on line 55
[11-Jul-2025 10:59:22 UTC] PHP Warning:  Undefined property: stdClass::$notification_handlers_telegram_limit in C:\laragon\www\Socialproof\themes\altum\views\partials\plans_plan_content.php on line 54
[11-Jul-2025 10:59:22 UTC] PHP Warning:  Undefined property: stdClass::$notification_handlers_telegram_limit in C:\laragon\www\Socialproof\themes\altum\views\partials\plans_plan_content.php on line 55
[11-Jul-2025 10:59:22 UTC] PHP Warning:  Undefined property: stdClass::$notification_handlers_telegram_limit in C:\laragon\www\Socialproof\themes\altum\views\partials\plans_plan_content.php on line 55
[11-Jul-2025 10:59:22 UTC] PHP Warning:  Undefined property: stdClass::$notification_handlers_microsoft_teams_limit in C:\laragon\www\Socialproof\themes\altum\views\partials\plans_plan_content.php on line 54
[11-Jul-2025 10:59:22 UTC] PHP Warning:  Undefined property: stdClass::$notification_handlers_microsoft_teams_limit in C:\laragon\www\Socialproof\themes\altum\views\partials\plans_plan_content.php on line 55
[11-Jul-2025 10:59:22 UTC] PHP Warning:  Undefined property: stdClass::$notification_handlers_microsoft_teams_limit in C:\laragon\www\Socialproof\themes\altum\views\partials\plans_plan_content.php on line 55
[11-Jul-2025 10:59:22 UTC] PHP Warning:  Undefined property: stdClass::$track_notifications_retention in C:\laragon\www\Socialproof\themes\altum\views\partials\plans_plan_content.php on line 70
[11-Jul-2025 10:59:22 UTC] PHP Warning:  Undefined property: stdClass::$track_notifications_retention in C:\laragon\www\Socialproof\themes\altum\views\partials\plans_plan_content.php on line 70
[11-Jul-2025 10:59:22 UTC] PHP Warning:  Undefined property: stdClass::$track_notifications_retention in C:\laragon\www\Socialproof\themes\altum\views\partials\plans_plan_content.php on line 71
[11-Jul-2025 10:59:22 UTC] PHP Warning:  Undefined property: stdClass::$track_notifications_retention in C:\laragon\www\Socialproof\themes\altum\views\partials\plans_plan_content.php on line 71
[11-Jul-2025 10:59:22 UTC] PHP Warning:  Undefined property: stdClass::$track_notifications_retention in C:\laragon\www\Socialproof\themes\altum\views\partials\plans_plan_content.php on line 74
[11-Jul-2025 10:59:22 UTC] PHP Warning:  Undefined property: stdClass::$track_conversions_retention in C:\laragon\www\Socialproof\themes\altum\views\partials\plans_plan_content.php on line 78
[11-Jul-2025 10:59:22 UTC] PHP Warning:  Undefined property: stdClass::$track_conversions_retention in C:\laragon\www\Socialproof\themes\altum\views\partials\plans_plan_content.php on line 78
[11-Jul-2025 10:59:22 UTC] PHP Warning:  Undefined property: stdClass::$track_conversions_retention in C:\laragon\www\Socialproof\themes\altum\views\partials\plans_plan_content.php on line 79
[11-Jul-2025 10:59:22 UTC] PHP Warning:  Undefined property: stdClass::$track_conversions_retention in C:\laragon\www\Socialproof\themes\altum\views\partials\plans_plan_content.php on line 79
[11-Jul-2025 10:59:22 UTC] PHP Warning:  Undefined property: stdClass::$track_conversions_retention in C:\laragon\www\Socialproof\themes\altum\views\partials\plans_plan_content.php on line 82
[11-Jul-2025 10:59:25 UTC] PHP Warning:  Undefined property: stdClass::$email_reports_is_enabled in C:\laragon\www\Socialproof\themes\altum\views\partials\plans_plan_content.php on line 110
[11-Jul-2025 10:59:25 UTC] PHP Warning:  Undefined property: stdClass::$white_labeling_is_enabled in C:\laragon\www\Socialproof\app\includes\simple_user_plan_settings.php on line 33
[11-Jul-2025 10:59:25 UTC] PHP Warning:  Undefined property: stdClass::$custom_css_is_enabled in C:\laragon\www\Socialproof\themes\altum\views\partials\plans_plan_content.php on line 118
[11-Jul-2025 10:59:25 UTC] PHP Warning:  Undefined property: stdClass::$color in C:\laragon\www\Socialproof\themes\altum\views\partials\plans.php on line 94
[11-Jul-2025 10:59:25 UTC] PHP Warning:  Undefined property: stdClass::$translations in C:\laragon\www\Socialproof\themes\altum\views\partials\plans.php on line 266
[11-Jul-2025 10:59:25 UTC] PHP Warning:  Attempt to read property "english" on null in C:\laragon\www\Socialproof\themes\altum\views\partials\plans.php on line 266
[11-Jul-2025 10:59:25 UTC] PHP Warning:  Attempt to read property "name" on null in C:\laragon\www\Socialproof\themes\altum\views\partials\plans.php on line 266
[11-Jul-2025 10:59:33 UTC] PHP Warning:  Undefined property: stdClass::$x_is_enabled in C:\laragon\www\Socialproof\app\includes\notification_handlers.php on line 22
[11-Jul-2025 10:59:33 UTC] PHP Warning:  Undefined property: stdClass::$google_chat_is_enabled in C:\laragon\www\Socialproof\app\includes\notification_handlers.php on line 22
[11-Jul-2025 10:59:33 UTC] PHP Warning:  Undefined property: stdClass::$internal_notification_is_enabled in C:\laragon\www\Socialproof\app\includes\notification_handlers.php on line 22
[11-Jul-2025 10:59:36 UTC] PHP Warning:  Undefined property: stdClass::$user_spotlight_is_enabled in C:\laragon\www\Socialproof\themes\altum\views\partials\footer.php on line 108
[11-Jul-2025 10:59:40 UTC] PHP Warning:  Undefined property: stdClass::$admin_spotlight_is_enabled in C:\laragon\www\Socialproof\themes\altum\views\wrapper.php on line 80
[11-Jul-2025 10:59:40 UTC] PHP Warning:  Undefined property: stdClass::$user_spotlight_is_enabled in C:\laragon\www\Socialproof\themes\altum\views\wrapper.php on line 80
